<!-- 
       Example showing basic configuration using "alt/root/context" as context
       root and default internal context name
       (NamingContextFactory.DEFAULT_NAME).
       
       To load and use this context:
       
        XmlConfigurator.loadConfiguration
        	(getClass().getResourceAsStream("/test-jndi2.xml"));
        InitialContext ctx = new InitialContext();
        Context env = (Context) ctx.lookup("alt/root/context");  
        String host = (String) env.lookup("config/host");
        Integer port = (Integer) env.lookup("config/port");
   -->

<naming>
  <context base="alt/root/context">
    <environment name="config/host" value="www.apache.org" type="java.lang.String" />
    <environment name="config/mytruebool" value="true" type="java.lang.Boolean" />
    <environment name="config/myfalsebool" value="false" type="java.lang.Boolean" />
    <environment name="config/port" value="80" type="java.lang.Integer" />
    <environment name="jdbc/config/pool/user" value="dbuser" type="java.lang.String" />
    <resource name="jdbc/pool" type="javax.sql.DataSource">
      <parameter>
        <name>driverClassName</name>
        <value>org.hsqldb.jdbcDriver</value>
      </parameter>
      <parameter>
        <name>url</name>
        <value>jdbc:hsqldb:target/hsqldb</value>
      </parameter>
      <parameter>
        <name>username</name>
        <value>sa</value>
      </parameter>
      <parameter>
        <name>password</name>
        <value></value>
      </parameter>
    </resource>
  </context>
</naming>
